<?xml version="1.0" encoding="UTF-8"?>
<!-- Generated by org.testng.reporters.JUnitXMLReporter -->
<testsuite ignored="2" hostname="Delldesktop" failures="0" tests="0" time="0.013" errors="0" timestamp="2025-07-26T14:47:02 IST">
  <testcase classname="testCases.tcAccount_reg_page" name="verify_account_registration" time="0.0">
    <ignored/>
  </testcase> <!-- verify_account_registration -->
  <testcase classname="testCases.verifyMyacc" name="testverifyMyaccount" time="0.0">
    <ignored/>
  </testcase> <!-- testverifyMyaccount -->
</testsuite>
